[debug] ----------------------------------------------------------------------
[debug] Command:      /Users/felipeskroski/.nvm/versions/node/v6.9.3/bin/node /Users/felipeskroski/.nvm/versions/node/v6.9.3/bin/firebase deploy
[debug] CLI Version:  3.6.1
[debug] Platform:     darwin
[debug] Node Version: v6.9.3
[debug] Time:         Wed Apr 26 2017 20:50:13 GMT+1200 (NZST)
[debug] ----------------------------------------------------------------------
[debug] 
[debug] > command requires scopes: ["email","openid","https://www.googleapis.com/auth/cloudplatformprojects.readonly","https://www.googleapis.com/auth/firebase","https://www.googleapis.com/auth/cloud-platform"]
[debug] > refreshing access token with scopes: ["email","https://www.googleapis.com/auth/cloud-platform","https://www.googleapis.com/auth/cloudplatformprojects.readonly","https://www.googleapis.com/auth/firebase","openid"]
[debug] >>> HTTP REQUEST POST https://www.googleapis.com/oauth2/v3/token { refresh_token: '1/MCfKfxCXUQtZLOzSrFSpFJiIf90Seb_pXZXmqpBIKAY',
  client_id: '563584335869-fgrhgmd47bqnekij5i8b5pr03ho849e6.apps.googleusercontent.com',
  client_secret: 'j9iVZfS8kkCEFUPaAeJV0sAi',
  grant_type: 'refresh_token',
  scope: 'email https://www.googleapis.com/auth/cloud-platform https://www.googleapis.com/auth/cloudplatformprojects.readonly https://www.googleapis.com/auth/firebase openid' } 
 Wed Apr 26 2017 20:50:13 GMT+1200 (NZST)
[debug] <<< HTTP RESPONSE 200
[debug] >>> HTTP REQUEST GET https://admin.firebase.com/v1/projects/weather-app-f3ab3  
 Wed Apr 26 2017 20:50:14 GMT+1200 (NZST)
[debug] <<< HTTP RESPONSE 200
[debug] >>> HTTP REQUEST GET https://admin.firebase.com/v1/database/weather-app-f3ab3/tokens  
 Wed Apr 26 2017 20:50:15 GMT+1200 (NZST)
[debug] <<< HTTP RESPONSE 200
[info] 
[info] === Deploying to 'weather-app-f3ab3'...
[info] 
[info] i  deploying hosting
[info] i  hosting: preparing . directory for upload...
[debug] >>> HTTP REQUEST PUT https://deploy.firebase.com/v1/hosting/weather-app-f3ab3/uploads/-KidS2rWle3CWSaN1q_i?fileCount=22243&message=  
 Wed Apr 26 2017 20:50:35 GMT+1200 (NZST)
[debug] ----------------------------------------------------------------------
[debug] Command:      /Users/felipeskroski/.nvm/versions/node/v6.9.3/bin/node /Users/felipeskroski/.nvm/versions/node/v6.9.3/bin/firebase deploy
[debug] CLI Version:  3.6.1
[debug] Platform:     darwin
[debug] Node Version: v6.9.3
[debug] Time:         Wed Apr 26 2017 20:53:22 GMT+1200 (NZST)
[debug] ----------------------------------------------------------------------
[debug] 
[debug] > command requires scopes: ["email","openid","https://www.googleapis.com/auth/cloudplatformprojects.readonly","https://www.googleapis.com/auth/firebase","https://www.googleapis.com/auth/cloud-platform"]
[debug] >>> HTTP REQUEST GET https://admin.firebase.com/v1/projects/weather-app-f3ab3  
 Wed Apr 26 2017 20:53:22 GMT+1200 (NZST)
[debug] <<< HTTP RESPONSE 200
[debug] >>> HTTP REQUEST GET https://admin.firebase.com/v1/database/weather-app-f3ab3/tokens  
 Wed Apr 26 2017 20:53:24 GMT+1200 (NZST)
[debug] <<< HTTP RESPONSE 200
[info] 
[info] === Deploying to 'weather-app-f3ab3'...
[info] 
[info] i  deploying hosting
[info] i  hosting: preparing . directory for upload...
[debug] >>> HTTP REQUEST PUT https://deploy.firebase.com/v1/hosting/weather-app-f3ab3/uploads/-KidSlmdThCka9IeSgbu?fileCount=9150&message=  
 Wed Apr 26 2017 20:53:33 GMT+1200 (NZST)
[debug] <<< HTTP RESPONSE 200
[debug] [hosting] .tgz uploaded successfully, waiting for extraction
